Determining if the pthread_create exist failed with the following output:
Change Dir: /workdir/build/CMakeFiles/CMakeTmp

Run Build Command:"/usr/bin/make" "cmTC_07fd6/fast"
/usr/bin/make -f CMakeFiles/cmTC_07fd6.dir/build.make CMakeFiles/cmTC_07fd6.dir/build
make[1]: Entering directory '/workdir/build/CMakeFiles/CMakeTmp'
Building C object CMakeFiles/cmTC_07fd6.dir/CheckSymbolExists.c.o
/usr/bin/cc     -o CMakeFiles/cmTC_07fd6.dir/CheckSymbolExists.c.o   -c /workdir/build/CMakeFiles/CMakeTmp/CheckSymbolExists.c
Linking C executable cmTC_07fd6
/usr/bin/cmake -E cmake_link_script CMakeFiles/cmTC_07fd6.dir/link.txt --verbose=1
/usr/bin/cc       CMakeFiles/cmTC_07fd6.dir/CheckSymbolExists.c.o  -o cmTC_07fd6 -rdynamic 
CMakeFiles/cmTC_07fd6.dir/CheckSymbolExists.c.o: In function `main':
CheckSymbolExists.c:(.text+0x16): undefined reference to `pthread_create'
collect2: error: ld returned 1 exit status
CMakeFiles/cmTC_07fd6.dir/build.make:97: recipe for target 'cmTC_07fd6' failed
make[1]: *** [cmTC_07fd6] Error 1
make[1]: Leaving directory '/workdir/build/CMakeFiles/CMakeTmp'
Makefile:126: recipe for target 'cmTC_07fd6/fast' failed
make: *** [cmTC_07fd6/fast] Error 2

File /workdir/build/CMakeFiles/CMakeTmp/CheckSymbolExists.c:
/* */
#include <pthread.h>

int main(int argc, char** argv)
{
  (void)argv;
#ifndef pthread_create
  return ((int*)(&pthread_create))[argc];
#else
  (void)argc;
  return 0;
#endif
}

Determining if the function pthread_create exists in the pthreads failed with the following output:
Change Dir: /workdir/build/CMakeFiles/CMakeTmp

Run Build Command:"/usr/bin/make" "cmTC_568de/fast"
/usr/bin/make -f CMakeFiles/cmTC_568de.dir/build.make CMakeFiles/cmTC_568de.dir/build
make[1]: Entering directory '/workdir/build/CMakeFiles/CMakeTmp'
Building C object CMakeFiles/cmTC_568de.dir/CheckFunctionExists.c.o
/usr/bin/cc    -DCHECK_FUNCTION_EXISTS=pthread_create   -o CMakeFiles/cmTC_568de.dir/CheckFunctionExists.c.o   -c /usr/share/cmake-3.5/Modules/CheckFunctionExists.c
Linking C executable cmTC_568de
/usr/bin/cmake -E cmake_link_script CMakeFiles/cmTC_568de.dir/link.txt --verbose=1
/usr/bin/cc   -DCHECK_FUNCTION_EXISTS=pthread_create    CMakeFiles/cmTC_568de.dir/CheckFunctionExists.c.o  -o cmTC_568de -rdynamic -lpthreads 
/usr/bin/ld: cannot find -lpthreads
collect2: error: ld returned 1 exit status
CMakeFiles/cmTC_568de.dir/build.make:97: recipe for target 'cmTC_568de' failed
make[1]: *** [cmTC_568de] Error 1
make[1]: Leaving directory '/workdir/build/CMakeFiles/CMakeTmp'
Makefile:126: recipe for target 'cmTC_568de/fast' failed
make: *** [cmTC_568de/fast] Error 2


